<?xml version='1.0' encoding='UTF-8'?>
<testsuite hostname="OprimeKS-Mac-DoruntineM.local" name="DashboardTest" tests="7" errors="0" failures="0" skipped="0" time="90.857" timestamp="2022-08-16T10:15:38">
          <properties>
[...]
</properties>
          <testcase classname="DashboardTest" name="testRead2" time="18.638">
                      
                    </testcase><testcase classname="DashboardTest" name="testSave2" time="12.327">
                      
                    </testcase><testcase classname="DashboardTest" name="testRead" time="12.177">
                      
                    </testcase><testcase classname="DashboardTest" name="testSave" time="11.803">
                      
                    </testcase><testcase classname="DashboardTest" name="testUpdate2" time="11.979">
                      
                    </testcase><testcase classname="DashboardTest" name="testDelete" time="12.019">
                      
                    </testcase><testcase classname="DashboardTest" name="testUpdate" time="11.914">
                      
                    </testcase>
          <system-out><![CDATA[]]></system-out>
          <system-err><![CDATA[]]></system-err>
        </testsuite>